0 info it worked if it ends with ok
1 verbose cli [ '/usr/bin/nodejs',
1 verbose cli   '/usr/bin/npm',
1 verbose cli   'install',
1 verbose cli   '../cpp_node_conn/build/Release/scheduler' ]
2 info using npm@3.8.6
3 info using node@v5.12.0
4 silly loadCurrentTree Starting
5 silly install loadCurrentTree
6 silly install readLocalPackageData
7 silly fetchPackageMetaData ../cpp_node_conn/build/Release/scheduler
8 silly fetchOtherPackageData ../cpp_node_conn/build/Release/scheduler
9 silly cache add args [ '../cpp_node_conn/build/Release/scheduler', null ]
10 verbose cache add spec ../cpp_node_conn/build/Release/scheduler
11 silly cache add parsed spec Result {
11 silly cache add   raw: '../cpp_node_conn/build/Release/scheduler',
11 silly cache add   scope: null,
11 silly cache add   name: null,
11 silly cache add   rawSpec: '../cpp_node_conn/build/Release/scheduler',
11 silly cache add   spec: '/home/pfe/dev/Graduation_project/cpp_node_conn/build/Release/scheduler',
11 silly cache add   type: 'local' }
12 error addLocal Could not install /home/pfe/dev/Graduation_project/cpp_node_conn/build/Release/scheduler
13 silly fetchPackageMetaData Error: ENOENT: no such file or directory, open '/home/pfe/dev/Graduation_project/cpp_node_conn/build/Release/scheduler'
13 silly fetchPackageMetaData     at Error (native)
13 silly fetchPackageMetaData  error for ../cpp_node_conn/build/Release/scheduler { [Error: ENOENT: no such file or directory, open '/home/pfe/dev/Graduation_project/cpp_node_conn/build/Release/scheduler']
13 silly fetchPackageMetaData   errno: -2,
13 silly fetchPackageMetaData   code: 'ENOENT',
13 silly fetchPackageMetaData   syscall: 'open',
13 silly fetchPackageMetaData   path: '/home/pfe/dev/Graduation_project/cpp_node_conn/build/Release/scheduler' }
14 silly rollbackFailedOptional Starting
15 silly rollbackFailedOptional Finishing
16 silly runTopLevelLifecycles Starting
17 silly runTopLevelLifecycles Finishing
18 silly install printInstalled
19 verbose stack Error: ENOENT: no such file or directory, open '/home/pfe/dev/Graduation_project/cpp_node_conn/build/Release/scheduler'
19 verbose stack     at Error (native)
20 verbose cwd /home/pfe/dev/Graduation_project/web_app
21 error Linux 3.16.0-30-generic
22 error argv "/usr/bin/nodejs" "/usr/bin/npm" "install" "../cpp_node_conn/build/Release/scheduler"
23 error node v5.12.0
24 error npm  v3.8.6
25 error path /home/pfe/dev/Graduation_project/cpp_node_conn/build/Release/scheduler
26 error code ENOENT
27 error errno -2
28 error syscall open
29 error enoent ENOENT: no such file or directory, open '/home/pfe/dev/Graduation_project/cpp_node_conn/build/Release/scheduler'
30 error enoent ENOENT: no such file or directory, open '/home/pfe/dev/Graduation_project/cpp_node_conn/build/Release/scheduler'
30 error enoent This is most likely not a problem with npm itself
30 error enoent and is related to npm not being able to find a file.
31 verbose exit [ -2, true ]
